# JRE version: Java(TM) SE Runtime Environment (8.0_212-b10) (build 1.8.0_212-b10)
# Java VM: Java HotSpot(TM) 64-Bit Server VM (25.212-b10 mixed mode windows-amd64 compressed oops)
Heap:
 PSYoungGen      total 53248K, used 18698K [0x00000000e0780000, 0x00000000e3f80000, 0x0000000100000000)
  eden space 49152K, 38% used [0x00000000e0780000,0x00000000e19c2b00,0x00000000e3780000)
  from space 4096K, 0% used [0x00000000e3780000,0x00000000e3780000,0x00000000e3b80000)
  to   space 4096K, 0% used [0x00000000e3b80000,0x00000000e3b80000,0x00000000e3f80000)
 ParOldGen       total 43520K, used 5334K [0x00000000a1600000, 0x00000000a4080000, 0x00000000e0780000)
  object space 43520K, 12% used [0x00000000a1600000,0x00000000a1b35858,0x00000000a4080000)
 Metaspace       used 14598K, capacity 14742K, committed 14976K, reserved 1064960K
  class space    used 1796K, capacity 1875K, committed 1920K, reserved 1048576K
GC Heap History (8 events):
Event: 4.419 GC heap before
{Heap before GC invocations=1 (full 0):
 PSYoungGen      total 28672K, used 24576K [0x00000000e0780000, 0x00000000e2780000, 0x0000000100000000)
  eden space 24576K, 100% used [0x00000000e0780000,0x00000000e1f80000,0x00000000e1f80000)
  from space 4096K, 0% used [0x00000000e2380000,0x00000000e2380000,0x00000000e2780000)
  to   space 4096K, 0% used [0x00000000e1f80000,0x00000000e1f80000,0x00000000e2380000)
 ParOldGen       total 65536K, used 0K [0x00000000a1600000, 0x00000000a5600000, 0x00000000e0780000)
  object space 65536K, 0% used [0x00000000a1600000,0x00000000a1600000,0x00000000a5600000)
 Metaspace       used 7582K, capacity 7688K, committed 7936K, reserved 1056768K
  class space    used 924K, capacity 988K, committed 1024K, reserved 1048576K
Event: 4.476 GC heap after
Heap after GC invocations=1 (full 0):
 PSYoungGen      total 28672K, used 4075K [0x00000000e0780000, 0x00000000e3f80000, 0x0000000100000000)
  eden space 24576K, 0% used [0x00000000e0780000,0x00000000e0780000,0x00000000e1f80000)
  from space 4096K, 99% used [0x00000000e1f80000,0x00000000e237ae78,0x00000000e2380000)
  to   space 4096K, 0% used [0x00000000e3b80000,0x00000000e3b80000,0x00000000e3f80000)
 ParOldGen       total 65536K, used 56K [0x00000000a1600000, 0x00000000a5600000, 0x00000000e0780000)
  object space 65536K, 0% used [0x00000000a1600000,0x00000000a160e000,0x00000000a5600000)
 Metaspace       used 7582K, capacity 7688K, committed 7936K, reserved 1056768K
  class space    used 924K, capacity 988K, committed 1024K, reserved 1048576K
}
Event: 6.372 GC heap before
{Heap before GC invocations=2 (full 0):
 PSYoungGen      total 28672K, used 28651K [0x00000000e0780000, 0x00000000e3f80000, 0x0000000100000000)
  eden space 24576K, 100% used [0x00000000e0780000,0x00000000e1f80000,0x00000000e1f80000)
  from space 4096K, 99% used [0x00000000e1f80000,0x00000000e237ae78,0x00000000e2380000)
  to   space 4096K, 0% used [0x00000000e3b80000,0x00000000e3b80000,0x00000000e3f80000)
 ParOldGen       total 65536K, used 56K [0x00000000a1600000, 0x00000000a5600000, 0x00000000e0780000)
  object space 65536K, 0% used [0x00000000a1600000,0x00000000a160e000,0x00000000a5600000)
 Metaspace       used 9480K, capacity 9602K, committed 9728K, reserved 1058816K
  class space    used 1176K, capacity 1219K, committed 1280K, reserved 1048576K
Event: 6.395 GC heap after
Heap after GC invocations=2 (full 0):
 PSYoungGen      total 53248K, used 4078K [0x00000000e0780000, 0x00000000e3f80000, 0x0000000100000000)
  eden space 49152K, 0% used [0x00000000e0780000,0x00000000e0780000,0x00000000e3780000)
  from space 4096K, 99% used [0x00000000e3b80000,0x00000000e3f7bb08,0x00000000e3f80000)
  to   space 4096K, 0% used [0x00000000e3780000,0x00000000e3780000,0x00000000e3b80000)
 ParOldGen       total 65536K, used 585K [0x00000000a1600000, 0x00000000a5600000, 0x00000000e0780000)
  object space 65536K, 0% used [0x00000000a1600000,0x00000000a1692640,0x00000000a5600000)
 Metaspace       used 9480K, capacity 9602K, committed 9728K, reserved 1058816K
  class space    used 1176K, capacity 1219K, committed 1280K, reserved 1048576K
}
Event: 8.263 GC heap before
{Heap before GC invocations=3 (full 0):
 PSYoungGen      total 53248K, used 23756K [0x00000000e0780000, 0x00000000e3f80000, 0x0000000100000000)
  eden space 49152K, 40% used [0x00000000e0780000,0x00000000e1ab7560,0x00000000e3780000)
  from space 4096K, 99% used [0x00000000e3b80000,0x00000000e3f7bb08,0x00000000e3f80000)
  to   space 4096K, 0% used [0x00000000e3780000,0x00000000e3780000,0x00000000e3b80000)
 ParOldGen       total 65536K, used 585K [0x00000000a1600000, 0x00000000a5600000, 0x00000000e0780000)
  object space 65536K, 0% used [0x00000000a1600000,0x00000000a1692640,0x00000000a5600000)
 Metaspace       used 11826K, capacity 11962K, committed 12160K, reserved 1064960K
  class space    used 1495K, capacity 1577K, committed 1664K, reserved 1048576K
Event: 8.285 GC heap after
Heap after GC invocations=3 (full 0):
 PSYoungGen      total 53248K, used 4075K [0x00000000e0780000, 0x00000000e3f80000, 0x0000000100000000)
  eden space 49152K, 0% used [0x00000000e0780000,0x00000000e0780000,0x00000000e3780000)
  from space 4096K, 99% used [0x00000000e3780000,0x00000000e3b7ae18,0x00000000e3b80000)
  to   space 4096K, 0% used [0x00000000e3b80000,0x00000000e3b80000,0x00000000e3f80000)
 ParOldGen       total 65536K, used 1988K [0x00000000a1600000, 0x00000000a5600000, 0x00000000e0780000)
  object space 65536K, 3% used [0x00000000a1600000,0x00000000a17f13f0,0x00000000a5600000)
 Metaspace       used 11826K, capacity 11962K, committed 12160K, reserved 1064960K
  class space    used 1495K, capacity 1577K, committed 1664K, reserved 1048576K
}
Event: 8.286 GC heap before
{Heap before GC invocations=4 (full 1):
 PSYoungGen      total 53248K, used 4075K [0x00000000e0780000, 0x00000000e3f80000, 0x0000000100000000)
  eden space 49152K, 0% used [0x00000000e0780000,0x00000000e0780000,0x00000000e3780000)
  from space 4096K, 99% used [0x00000000e3780000,0x00000000e3b7ae18,0x00000000e3b80000)
  to   space 4096K, 0% used [0x00000000e3b80000,0x00000000e3b80000,0x00000000e3f80000)
 ParOldGen       total 65536K, used 1988K [0x00000000a1600000, 0x00000000a5600000, 0x00000000e0780000)
  object space 65536K, 3% used [0x00000000a1600000,0x00000000a17f13f0,0x00000000a5600000)
 Metaspace       used 11826K, capacity 11962K, committed 12160K, reserved 1064960K
  class space    used 1495K, capacity 1577K, committed 1664K, reserved 1048576K
Event: 8.370 GC heap after
Heap after GC invocations=4 (full 1):
 PSYoungGen      total 53248K, used 0K [0x00000000e0780000, 0x00000000e3f80000, 0x0000000100000000)
  eden space 49152K, 0% used [0x00000000e0780000,0x00000000e0780000,0x00000000e3780000)
  from space 4096K, 0% used [0x00000000e3780000,0x00000000e3780000,0x00000000e3b80000)
  to   space 4096K, 0% used [0x00000000e3b80000,0x00000000e3b80000,0x00000000e3f80000)
 ParOldGen       total 43520K, used 5334K [0x00000000a1600000, 0x00000000a4080000, 0x00000000e0780000)
  object space 43520K, 12% used [0x00000000a1600000,0x00000000a1b35858,0x00000000a4080000)
 Metaspace       used 11826K, capacity 11962K, committed 12160K, reserved 1062912K
  class space    used 1495K, capacity 1577K, committed 1664K, reserved 1048576K
}

