# JRE version: Java(TM) SE Runtime Environment (8.0_212-b10) (build 1.8.0_212-b10)
# Java VM: Java HotSpot(TM) 64-Bit Server VM (25.212-b10 mixed mode windows-amd64 compressed oops)
Heap:
 PSYoungGen      total 102400K, used 27307K [0x00000000e0780000, 0x00000000e6f80000, 0x0000000100000000)
  eden space 98304K, 27% used [0x00000000e0780000,0x00000000e222ac40,0x00000000e6780000)
  from space 4096K, 0% used [0x00000000e6780000,0x00000000e6780000,0x00000000e6b80000)
  to   space 4096K, 0% used [0x00000000e6b80000,0x00000000e6b80000,0x00000000e6f80000)
 ParOldGen       total 73216K, used 20288K [0x00000000a1600000, 0x00000000a5d80000, 0x00000000e0780000)
  object space 73216K, 27% used [0x00000000a1600000,0x00000000a29d0098,0x00000000a5d80000)
 Metaspace       used 21283K, capacity 21866K, committed 22064K, reserved 1069056K
  class space    used 2523K, capacity 2688K, committed 2688K, reserved 1048576K
GC Heap History (10 events):
Event: 8.240 GC heap before
{Heap before GC invocations=2 (full 0):
 PSYoungGen      total 28672K, used 28644K [0x00000000e0780000, 0x00000000e3f80000, 0x0000000100000000)
  eden space 24576K, 100% used [0x00000000e0780000,0x00000000e1f80000,0x00000000e1f80000)
  from space 4096K, 99% used [0x00000000e1f80000,0x00000000e23792f0,0x00000000e2380000)
  to   space 4096K, 0% used [0x00000000e3b80000,0x00000000e3b80000,0x00000000e3f80000)
 ParOldGen       total 65536K, used 96K [0x00000000a1600000, 0x00000000a5600000, 0x00000000e0780000)
  object space 65536K, 0% used [0x00000000a1600000,0x00000000a1618230,0x00000000a5600000)
 Metaspace       used 9567K, capacity 9700K, committed 9728K, reserved 1058816K
  class space    used 1192K, capacity 1253K, committed 1280K, reserved 1048576K
Event: 8.265 GC heap after
Heap after GC invocations=2 (full 0):
 PSYoungGen      total 53248K, used 4086K [0x00000000e0780000, 0x00000000e3f80000, 0x0000000100000000)
  eden space 49152K, 0% used [0x00000000e0780000,0x00000000e0780000,0x00000000e3780000)
  from space 4096K, 99% used [0x00000000e3b80000,0x00000000e3f7db68,0x00000000e3f80000)
  to   space 4096K, 0% used [0x00000000e3780000,0x00000000e3780000,0x00000000e3b80000)
 ParOldGen       total 65536K, used 720K [0x00000000a1600000, 0x00000000a5600000, 0x00000000e0780000)
  object space 65536K, 1% used [0x00000000a1600000,0x00000000a16b4048,0x00000000a5600000)
 Metaspace       used 9567K, capacity 9700K, committed 9728K, reserved 1058816K
  class space    used 1192K, capacity 1253K, committed 1280K, reserved 1048576K
}
Event: 15.784 GC heap before
{Heap before GC invocations=3 (full 0):
 PSYoungGen      total 53248K, used 53238K [0x00000000e0780000, 0x00000000e3f80000, 0x0000000100000000)
  eden space 49152K, 100% used [0x00000000e0780000,0x00000000e3780000,0x00000000e3780000)
  from space 4096K, 99% used [0x00000000e3b80000,0x00000000e3f7db68,0x00000000e3f80000)
  to   space 4096K, 0% used [0x00000000e3780000,0x00000000e3780000,0x00000000e3b80000)
 ParOldGen       total 65536K, used 720K [0x00000000a1600000, 0x00000000a5600000, 0x00000000e0780000)
  object space 65536K, 1% used [0x00000000a1600000,0x00000000a16b4048,0x00000000a5600000)
 Metaspace       used 14900K, capacity 15118K, committed 15232K, reserved 1062912K
  class space    used 1819K, capacity 1911K, committed 1920K, reserved 1048576K
Event: 15.849 GC heap after
Heap after GC invocations=3 (full 0):
 PSYoungGen      total 53248K, used 4080K [0x00000000e0780000, 0x00000000e6f80000, 0x0000000100000000)
  eden space 49152K, 0% used [0x00000000e0780000,0x00000000e0780000,0x00000000e3780000)
  from space 4096K, 99% used [0x00000000e3780000,0x00000000e3b7c010,0x00000000e3b80000)
  to   space 4096K, 0% used [0x00000000e6b80000,0x00000000e6b80000,0x00000000e6f80000)
 ParOldGen       total 65536K, used 5906K [0x00000000a1600000, 0x00000000a5600000, 0x00000000e0780000)
  object space 65536K, 9% used [0x00000000a1600000,0x00000000a1bc4a38,0x00000000a5600000)
 Metaspace       used 14900K, capacity 15118K, committed 15232K, reserved 1062912K
  class space    used 1819K, capacity 1911K, committed 1920K, reserved 1048576K
}
Event: 24.569 GC heap before
{Heap before GC invocations=4 (full 0):
 PSYoungGen      total 53248K, used 53232K [0x00000000e0780000, 0x00000000e6f80000, 0x0000000100000000)
  eden space 49152K, 100% used [0x00000000e0780000,0x00000000e3780000,0x00000000e3780000)
  from space 4096K, 99% used [0x00000000e3780000,0x00000000e3b7c010,0x00000000e3b80000)
  to   space 4096K, 0% used [0x00000000e6b80000,0x00000000e6b80000,0x00000000e6f80000)
 ParOldGen       total 65536K, used 5906K [0x00000000a1600000, 0x00000000a5600000, 0x00000000e0780000)
  object space 65536K, 9% used [0x00000000a1600000,0x00000000a1bc4a38,0x00000000a5600000)
 Metaspace       used 16054K, capacity 16426K, committed 16640K, reserved 1064960K
  class space    used 1921K, capacity 2025K, committed 2048K, reserved 1048576K
Event: 24.717 GC heap after
Heap after GC invocations=4 (full 0):
 PSYoungGen      total 102400K, used 4080K [0x00000000e0780000, 0x00000000e6f80000, 0x0000000100000000)
  eden space 98304K, 0% used [0x00000000e0780000,0x00000000e0780000,0x00000000e6780000)
  from space 4096K, 99% used [0x00000000e6b80000,0x00000000e6f7c030,0x00000000e6f80000)
  to   space 4096K, 0% used [0x00000000e6780000,0x00000000e6780000,0x00000000e6b80000)
 ParOldGen       total 65536K, used 9174K [0x00000000a1600000, 0x00000000a5600000, 0x00000000e0780000)
  object space 65536K, 13% used [0x00000000a1600000,0x00000000a1ef5a68,0x00000000a5600000)
 Metaspace       used 16054K, capacity 16426K, committed 16640K, reserved 1064960K
  class space    used 1921K, capacity 2025K, committed 2048K, reserved 1048576K
}
Event: 34.885 GC heap before
{Heap before GC invocations=5 (full 0):
 PSYoungGen      total 102400K, used 64782K [0x00000000e0780000, 0x00000000e6f80000, 0x0000000100000000)
  eden space 98304K, 61% used [0x00000000e0780000,0x00000000e42c77e0,0x00000000e6780000)
  from space 4096K, 99% used [0x00000000e6b80000,0x00000000e6f7c030,0x00000000e6f80000)
  to   space 4096K, 0% used [0x00000000e6780000,0x00000000e6780000,0x00000000e6b80000)
 ParOldGen       total 65536K, used 9174K [0x00000000a1600000, 0x00000000a5600000, 0x00000000e0780000)
  object space 65536K, 13% used [0x00000000a1600000,0x00000000a1ef5a68,0x00000000a5600000)
 Metaspace       used 20707K, capacity 21140K, committed 21296K, reserved 1069056K
  class space    used 2489K, capacity 2618K, committed 2688K, reserved 1048576K
Event: 34.958 GC heap after
Heap after GC invocations=5 (full 0):
 PSYoungGen      total 102400K, used 4064K [0x00000000e0780000, 0x00000000e6f80000, 0x0000000100000000)
  eden space 98304K, 0% used [0x00000000e0780000,0x00000000e0780000,0x00000000e6780000)
  from space 4096K, 99% used [0x00000000e6780000,0x00000000e6b78020,0x00000000e6b80000)
  to   space 4096K, 0% used [0x00000000e6b80000,0x00000000e6b80000,0x00000000e6f80000)
 ParOldGen       total 65536K, used 22245K [0x00000000a1600000, 0x00000000a5600000, 0x00000000e0780000)
  object space 65536K, 33% used [0x00000000a1600000,0x00000000a2bb9728,0x00000000a5600000)
 Metaspace       used 20707K, capacity 21140K, committed 21296K, reserved 1069056K
  class space    used 2489K, capacity 2618K, committed 2688K, reserved 1048576K
}
Event: 34.958 GC heap before
{Heap before GC invocations=6 (full 1):
 PSYoungGen      total 102400K, used 4064K [0x00000000e0780000, 0x00000000e6f80000, 0x0000000100000000)
  eden space 98304K, 0% used [0x00000000e0780000,0x00000000e0780000,0x00000000e6780000)
  from space 4096K, 99% used [0x00000000e6780000,0x00000000e6b78020,0x00000000e6b80000)
  to   space 4096K, 0% used [0x00000000e6b80000,0x00000000e6b80000,0x00000000e6f80000)
 ParOldGen       total 65536K, used 22245K [0x00000000a1600000, 0x00000000a5600000, 0x00000000e0780000)
  object space 65536K, 33% used [0x00000000a1600000,0x00000000a2bb9728,0x00000000a5600000)
 Metaspace       used 20707K, capacity 21140K, committed 21296K, reserved 1069056K
  class space    used 2489K, capacity 2618K, committed 2688K, reserved 1048576K
Event: 35.624 GC heap after
Heap after GC invocations=6 (full 1):
 PSYoungGen      total 102400K, used 0K [0x00000000e0780000, 0x00000000e6f80000, 0x0000000100000000)
  eden space 98304K, 0% used [0x00000000e0780000,0x00000000e0780000,0x00000000e6780000)
  from space 4096K, 0% used [0x00000000e6780000,0x00000000e6780000,0x00000000e6b80000)
  to   space 4096K, 0% used [0x00000000e6b80000,0x00000000e6b80000,0x00000000e6f80000)
 ParOldGen       total 73216K, used 20288K [0x00000000a1600000, 0x00000000a5d80000, 0x00000000e0780000)
  object space 73216K, 27% used [0x00000000a1600000,0x00000000a29d0098,0x00000000a5d80000)
 Metaspace       used 20707K, capacity 21140K, committed 21296K, reserved 1069056K
  class space    used 2489K, capacity 2618K, committed 2688K, reserved 1048576K
}

