# JRE version: Java(TM) SE Runtime Environment (8.0_212-b10) (build 1.8.0_212-b10)
# Java VM: Java HotSpot(TM) 64-Bit Server VM (25.212-b10 mixed mode windows-amd64 compressed oops)
Heap:
 PSYoungGen      total 43008K, used 28083K [0x00000000e0780000, 0x00000000e4400000, 0x0000000100000000)
  eden space 30720K, 51% used [0x00000000e0780000,0x00000000e16ecd98,0x00000000e2580000)
  from space 12288K, 99% used [0x00000000e3380000,0x00000000e3f7fe78,0x00000000e3f80000)
  to   space 14336K, 0% used [0x00000000e2580000,0x00000000e2580000,0x00000000e3380000)
 ParOldGen       total 61440K, used 19534K [0x00000000a1600000, 0x00000000a5200000, 0x00000000e0780000)
  object space 61440K, 31% used [0x00000000a1600000,0x00000000a29138b8,0x00000000a5200000)
 Metaspace       used 23580K, capacity 24216K, committed 24448K, reserved 1071104K
  class space    used 2747K, capacity 2889K, committed 2944K, reserved 1048576K
GC Heap History (10 events):
Event: 37.125 GC heap before
{Heap before GC invocations=9 (full 0):
 PSYoungGen      total 28160K, used 19348K [0x00000000e0780000, 0x00000000e4680000, 0x0000000100000000)
  eden space 20992K, 58% used [0x00000000e0780000,0x00000000e1367320,0x00000000e1c00000)
  from space 7168K, 99% used [0x00000000e2500000,0x00000000e2bfdea0,0x00000000e2c00000)
  to   space 9216K, 0% used [0x00000000e1c00000,0x00000000e1c00000,0x00000000e2500000)
 ParOldGen       total 65536K, used 11347K [0x00000000a1600000, 0x00000000a5600000, 0x00000000e0780000)
  object space 65536K, 17% used [0x00000000a1600000,0x00000000a2114d40,0x00000000a5600000)
 Metaspace       used 20712K, capacity 21140K, committed 21296K, reserved 1069056K
  class space    used 2492K, capacity 2618K, committed 2688K, reserved 1048576K
Event: 37.203 GC heap after
Heap after GC invocations=9 (full 0):
 PSYoungGen      total 30208K, used 9211K [0x00000000e0780000, 0x00000000e3f80000, 0x0000000100000000)
  eden space 20992K, 0% used [0x00000000e0780000,0x00000000e0780000,0x00000000e1c00000)
  from space 9216K, 99% used [0x00000000e1c00000,0x00000000e24feec0,0x00000000e2500000)
  to   space 11776K, 0% used [0x00000000e3400000,0x00000000e3400000,0x00000000e3f80000)
 ParOldGen       total 65536K, used 15437K [0x00000000a1600000, 0x00000000a5600000, 0x00000000e0780000)
  object space 65536K, 23% used [0x00000000a1600000,0x00000000a25135e0,0x00000000a5600000)
 Metaspace       used 20712K, capacity 21140K, committed 21296K, reserved 1069056K
  class space    used 2492K, capacity 2618K, committed 2688K, reserved 1048576K
}
Event: 37.203 GC heap before
{Heap before GC invocations=10 (full 1):
 PSYoungGen      total 30208K, used 9211K [0x00000000e0780000, 0x00000000e3f80000, 0x0000000100000000)
  eden space 20992K, 0% used [0x00000000e0780000,0x00000000e0780000,0x00000000e1c00000)
  from space 9216K, 99% used [0x00000000e1c00000,0x00000000e24feec0,0x00000000e2500000)
  to   space 11776K, 0% used [0x00000000e3400000,0x00000000e3400000,0x00000000e3f80000)
 ParOldGen       total 65536K, used 15437K [0x00000000a1600000, 0x00000000a5600000, 0x00000000e0780000)
  object space 65536K, 23% used [0x00000000a1600000,0x00000000a25135e0,0x00000000a5600000)
 Metaspace       used 20712K, capacity 21140K, committed 21296K, reserved 1069056K
  class space    used 2492K, capacity 2618K, committed 2688K, reserved 1048576K
Event: 37.941 GC heap after
Heap after GC invocations=10 (full 1):
 PSYoungGen      total 30208K, used 0K [0x00000000e0780000, 0x00000000e3f80000, 0x0000000100000000)
  eden space 20992K, 0% used [0x00000000e0780000,0x00000000e0780000,0x00000000e1c00000)
  from space 9216K, 0% used [0x00000000e1c00000,0x00000000e1c00000,0x00000000e2500000)
  to   space 11776K, 0% used [0x00000000e3400000,0x00000000e3400000,0x00000000e3f80000)
 ParOldGen       total 61440K, used 19127K [0x00000000a1600000, 0x00000000a5200000, 0x00000000e0780000)
  object space 61440K, 31% used [0x00000000a1600000,0x00000000a28adcb0,0x00000000a5200000)
 Metaspace       used 20712K, capacity 21140K, committed 21296K, reserved 1069056K
  class space    used 2492K, capacity 2618K, committed 2688K, reserved 1048576K
}
Event: 40.405 GC heap before
{Heap before GC invocations=11 (full 1):
 PSYoungGen      total 30208K, used 20992K [0x00000000e0780000, 0x00000000e3f80000, 0x0000000100000000)
  eden space 20992K, 100% used [0x00000000e0780000,0x00000000e1c00000,0x00000000e1c00000)
  from space 9216K, 0% used [0x00000000e1c00000,0x00000000e1c00000,0x00000000e2500000)
  to   space 11776K, 0% used [0x00000000e3400000,0x00000000e3400000,0x00000000e3f80000)
 ParOldGen       total 61440K, used 19127K [0x00000000a1600000, 0x00000000a5200000, 0x00000000e0780000)
  object space 61440K, 31% used [0x00000000a1600000,0x00000000a28adcb0,0x00000000a5200000)
 Metaspace       used 21254K, capacity 21802K, committed 22064K, reserved 1069056K
  class space    used 2526K, capacity 2688K, committed 2688K, reserved 1048576K
Event: 40.412 GC heap after
Heap after GC invocations=11 (full 1):
 PSYoungGen      total 31232K, used 4111K [0x00000000e0780000, 0x00000000e3880000, 0x0000000100000000)
  eden space 26624K, 0% used [0x00000000e0780000,0x00000000e0780000,0x00000000e2180000)
  from space 4608K, 89% used [0x00000000e3400000,0x00000000e3803dc8,0x00000000e3880000)
  to   space 11776K, 0% used [0x00000000e2180000,0x00000000e2180000,0x00000000e2d00000)
 ParOldGen       total 61440K, used 19135K [0x00000000a1600000, 0x00000000a5200000, 0x00000000e0780000)
  object space 61440K, 31% used [0x00000000a1600000,0x00000000a28afcb0,0x00000000a5200000)
 Metaspace       used 21254K, capacity 21802K, committed 22064K, reserved 1069056K
  class space    used 2526K, capacity 2688K, committed 2688K, reserved 1048576K
}
Event: 43.107 GC heap before
{Heap before GC invocations=12 (full 1):
 PSYoungGen      total 31232K, used 30735K [0x00000000e0780000, 0x00000000e3880000, 0x0000000100000000)
  eden space 26624K, 100% used [0x00000000e0780000,0x00000000e2180000,0x00000000e2180000)
  from space 4608K, 89% used [0x00000000e3400000,0x00000000e3803dc8,0x00000000e3880000)
  to   space 11776K, 0% used [0x00000000e2180000,0x00000000e2180000,0x00000000e2d00000)
 ParOldGen       total 61440K, used 19135K [0x00000000a1600000, 0x00000000a5200000, 0x00000000e0780000)
  object space 61440K, 31% used [0x00000000a1600000,0x00000000a28afcb0,0x00000000a5200000)
 Metaspace       used 22251K, capacity 22832K, committed 22960K, reserved 1069056K
  class space    used 2624K, capacity 2753K, committed 2816K, reserved 1048576K
Event: 43.116 GC heap after
Heap after GC invocations=12 (full 1):
 PSYoungGen      total 38400K, used 10108K [0x00000000e0780000, 0x00000000e3f80000, 0x0000000100000000)
  eden space 26624K, 0% used [0x00000000e0780000,0x00000000e0780000,0x00000000e2180000)
  from space 11776K, 85% used [0x00000000e2180000,0x00000000e2b5f3f0,0x00000000e2d00000)
  to   space 12288K, 0% used [0x00000000e3380000,0x00000000e3380000,0x00000000e3f80000)
 ParOldGen       total 61440K, used 19143K [0x00000000a1600000, 0x00000000a5200000, 0x00000000e0780000)
  object space 61440K, 31% used [0x00000000a1600000,0x00000000a28b1cb0,0x00000000a5200000)
 Metaspace       used 22251K, capacity 22832K, committed 22960K, reserved 1069056K
  class space    used 2624K, capacity 2753K, committed 2816K, reserved 1048576K
}
Event: 44.461 GC heap before
{Heap before GC invocations=13 (full 1):
 PSYoungGen      total 38400K, used 36732K [0x00000000e0780000, 0x00000000e3f80000, 0x0000000100000000)
  eden space 26624K, 100% used [0x00000000e0780000,0x00000000e2180000,0x00000000e2180000)
  from space 11776K, 85% used [0x00000000e2180000,0x00000000e2b5f3f0,0x00000000e2d00000)
  to   space 12288K, 0% used [0x00000000e3380000,0x00000000e3380000,0x00000000e3f80000)
 ParOldGen       total 61440K, used 19143K [0x00000000a1600000, 0x00000000a5200000, 0x00000000e0780000)
  object space 61440K, 31% used [0x00000000a1600000,0x00000000a28b1cb0,0x00000000a5200000)
 Metaspace       used 22896K, capacity 23544K, committed 23808K, reserved 1071104K
  class space    used 2675K, capacity 2793K, committed 2816K, reserved 1048576K
Event: 44.485 GC heap after
Heap after GC invocations=13 (full 1):
 PSYoungGen      total 43008K, used 12287K [0x00000000e0780000, 0x00000000e4400000, 0x0000000100000000)
  eden space 30720K, 0% used [0x00000000e0780000,0x00000000e0780000,0x00000000e2580000)
  from space 12288K, 99% used [0x00000000e3380000,0x00000000e3f7fe78,0x00000000e3f80000)
  to   space 14336K, 0% used [0x00000000e2580000,0x00000000e2580000,0x00000000e3380000)
 ParOldGen       total 61440K, used 19534K [0x00000000a1600000, 0x00000000a5200000, 0x00000000e0780000)
  object space 61440K, 31% used [0x00000000a1600000,0x00000000a29138b8,0x00000000a5200000)
 Metaspace       used 22896K, capacity 23544K, committed 23808K, reserved 1071104K
  class space    used 2675K, capacity 2793K, committed 2816K, reserved 1048576K
}

